Copyright 1986-2019 Xilinx, Inc. All Rights Reserved.
------------------------------------------------------------------------------------------------
| Tool Version : Vivado v.2019.1.3 (lin64) Build 2644227 Wed Sep  4 09:44:18 MDT 2019
| Date         : Sat Jan 11 13:45:03 2020
| Host         : jaeger running 64-bit Linux Mint 19.3 Tricia
| Command      : report_incremental_reuse -file aars_video_top_incremental_reuse_pre_placed.rpt
| Design       : aars_video_top
| Device       : xc7a100t
| Design State : Fully Routed
------------------------------------------------------------------------------------------------

Incremental Implementation Information

Table of Contents
-----------------
1. Reuse Summary
2. Reference Checkpoint Information
3. Comparison with Reference Run
4. Non Reuse Information

1. Reuse Summary
----------------

+-------+----------------------+--------------------+--------------------+-------+
|  Type | Matched % (of Total) | Reuse % (of Total) | Fixed % (of Total) | Total |
+-------+----------------------+--------------------+--------------------+-------+
| Cells |               100.00 |             100.00 |               0.98 |  3666 |
| Nets  |               100.00 |             100.00 |               0.00 |  2777 |
| Pins  |                    - |             100.00 |                  - | 12655 |
| Ports |               100.00 |             100.00 |             100.00 |    36 |
+-------+----------------------+--------------------+--------------------+-------+


2. Reference Checkpoint Information
-----------------------------------

+----------------+---------------------------------------------------------------------------------------------------------------------------------------------+
| DCP Location:  | /home/paul/work/fpga/Xilinx/artix7/qmtech_minimig_tests/aars_video_out/aars_video_out.srcs/utils_1/imports/impl_1/aars_video_top_routed.dcp |
+----------------+---------------------------------------------------------------------------------------------------------------------------------------------+


+--------------------------------+----------------------------+
|         DCP Information        |            Value           |
+--------------------------------+----------------------------+
| Vivado Version                 |                   2019.1.3 |
| DCP State                      |                 POST_ROUTE |
| Recorded WNS                   |                     29.691 |
| Recorded WHS                   |                      0.429 |
| Reference Speed File Version   | PRODUCTION 1.23 2018-06-13 |
| Incremental Speed File Version | PRODUCTION 1.23 2018-06-13 |
+--------------------------------+----------------------------+
* Recorded WNS/WHS timing numbers are estimated timing numbers. They may vary slightly from sign-off timing numbers.


3. Comparison with Reference Run
--------------------------------

+-----------------+---------------------------+---------------------------+---------------------------+
|                 |          WNS(ns)          |  Runtime(elapsed)(hh:mm)  |    Runtime(cpu)(hh:mm)    |
+-----------------+-------------+-------------+-------------+-------------+-------------+-------------+
|      Stage      |  Reference  | Incremental |  Reference  | Incremental |  Reference  | Incremental |
+-----------------+-------------+-------------+-------------+-------------+-------------+-------------+
| synth_design    |             |             |     < 1 min |     < 1 min |     < 1 min |     < 1 min |
| opt_design      |             |             |       00:01 |     < 1 min |       00:01 |     < 1 min |
| read_checkpoint |             |             |     < 1 min |     < 1 min |     < 1 min |     < 1 min |
+-----------------+-------------+-------------+-------------+-------------+-------------+-------------+


4. Non Reuse Information
------------------------

+-----------------------+------+
|          Type         |   %  |
+-----------------------+------+
| Non-Reused Cells      | 0.00 |
| Partially reused nets | 0.00 |
| Non-Reused nets       | 0.00 |
| Non-Reused Ports      | 0.00 |
+-----------------------+------+


