
*** Running vivado
    with args -log aars_video_top.vdi -applog -m64 -product Vivado -messageDb vivado.pb -mode batch -source aars_video_top.tcl -notrace


****** Vivado v2019.1.3 (64-bit)
  **** SW Build 2644227 on Wed Sep  4 09:44:18 MDT 2019
  **** IP Build 2633630 on Wed Sep  4 12:30:14 MDT 2019
    ** Copyright 1986-2019 Xilinx, Inc. All Rights Reserved.

source aars_video_top.tcl -notrace
Command: link_design -top aars_video_top -part xc7a100tfgg676-2
Design is defaulting to srcset: sources_1
Design is defaulting to constrset: constrs_1
INFO: [Device 21-403] Loading part xc7a100tfgg676-2
INFO: [Project 1-454] Reading design checkpoint '/home/paul/work/fpga/Xilinx/artix7/qmtech_minimig_tests/aars_video_out/aars_video_out.srcs/sources_1/ip/clk_wiz_0/clk_wiz_0.dcp' for cell 'instance_name'
INFO: [Project 1-454] Reading design checkpoint '/home/paul/work/fpga/Xilinx/artix7/qmtech_minimig_tests/aars_video_out/aars_video_out.srcs/sources_1/ip/ila_0/ila_0.dcp' for cell 'your_instance_name'
INFO: [Netlist 29-17] Analyzing 97 Unisim elements for replacement
INFO: [Netlist 29-28] Unisim Transformation completed in 0 CPU seconds
INFO: [Project 1-479] Netlist was created with Vivado 2019.1.3
INFO: [Project 1-570] Preparing netlist for logic optimization
INFO: [Chipscope 16-324] Core: your_instance_name UUID: c43761e0-c036-5039-8c69-07a263a83e64 
Parsing XDC File [/home/paul/work/fpga/Xilinx/artix7/qmtech_minimig_tests/aars_video_out/aars_video_out.srcs/sources_1/ip/clk_wiz_0/clk_wiz_0_board.xdc] for cell 'instance_name/inst'
Finished Parsing XDC File [/home/paul/work/fpga/Xilinx/artix7/qmtech_minimig_tests/aars_video_out/aars_video_out.srcs/sources_1/ip/clk_wiz_0/clk_wiz_0_board.xdc] for cell 'instance_name/inst'
Parsing XDC File [/home/paul/work/fpga/Xilinx/artix7/qmtech_minimig_tests/aars_video_out/aars_video_out.srcs/sources_1/ip/clk_wiz_0/clk_wiz_0.xdc] for cell 'instance_name/inst'
Finished Parsing XDC File [/home/paul/work/fpga/Xilinx/artix7/qmtech_minimig_tests/aars_video_out/aars_video_out.srcs/sources_1/ip/clk_wiz_0/clk_wiz_0.xdc] for cell 'instance_name/inst'
Parsing XDC File [/home/paul/work/fpga/Xilinx/artix7/qmtech_minimig_tests/aars_video_out/aars_video_out.srcs/sources_1/ip/ila_0/ila_v6_2/constraints/ila_impl.xdc] for cell 'your_instance_name/inst'
Finished Parsing XDC File [/home/paul/work/fpga/Xilinx/artix7/qmtech_minimig_tests/aars_video_out/aars_video_out.srcs/sources_1/ip/ila_0/ila_v6_2/constraints/ila_impl.xdc] for cell 'your_instance_name/inst'
Parsing XDC File [/home/paul/work/fpga/Xilinx/artix7/qmtech_minimig_tests/aars_video_out/aars_video_out.srcs/sources_1/ip/ila_0/ila_v6_2/constraints/ila.xdc] for cell 'your_instance_name/inst'
Finished Parsing XDC File [/home/paul/work/fpga/Xilinx/artix7/qmtech_minimig_tests/aars_video_out/aars_video_out.srcs/sources_1/ip/ila_0/ila_v6_2/constraints/ila.xdc] for cell 'your_instance_name/inst'
Parsing XDC File [/home/paul/work/fpga/Xilinx/artix7/qmtech_minimig_tests/aars_video_out/aars_video_out.srcs/constrs_1/new/aars_t100_video.xdc]
Finished Parsing XDC File [/home/paul/work/fpga/Xilinx/artix7/qmtech_minimig_tests/aars_video_out/aars_video_out.srcs/constrs_1/new/aars_t100_video.xdc]
INFO: [Opt 31-138] Pushed 0 inverter(s) to 0 load pin(s).
Netlist sorting complete. Time (s): cpu = 00:00:00 ; elapsed = 00:00:00 . Memory (MB): peak = 1717.500 ; gain = 0.000 ; free physical = 5885 ; free virtual = 32326
INFO: [Project 1-111] Unisim Transformation Summary:
  A total of 44 instances were transformed.
  CFGLUT5 => CFGLUT5 (SRLC32E, SRL16E): 44 instances

10 Infos, 0 Warnings, 0 Critical Warnings and 0 Errors encountered.
link_design completed successfully
link_design: Time (s): cpu = 00:00:07 ; elapsed = 00:00:08 . Memory (MB): peak = 1717.500 ; gain = 321.965 ; free physical = 5885 ; free virtual = 32326
INFO: [Common 17-600] The following parameters have non-default value.
tcl.collectionResultDisplayLimit
Command: opt_design
Attempting to get a license for feature 'Implementation' and/or device 'xc7a100t'
INFO: [Common 17-349] Got license for feature 'Implementation' and/or device 'xc7a100t'
Running DRC as a precondition to command opt_design

Starting DRC Task
INFO: [DRC 23-27] Running DRC with 4 threads
INFO: [Project 1-461] DRC finished with 0 Errors
INFO: [Project 1-462] Please refer to the DRC report (report_drc) for more information.

Time (s): cpu = 00:00:02 ; elapsed = 00:00:02 . Memory (MB): peak = 1788.141 ; gain = 70.641 ; free physical = 5878 ; free virtual = 32319

Starting Cache Timing Information Task
INFO: [Timing 38-35] Done setting XDC timing constraints.
Ending Cache Timing Information Task | Checksum: 11e7a8ae0

Time (s): cpu = 00:00:11 ; elapsed = 00:00:12 . Memory (MB): peak = 2231.000 ; gain = 442.859 ; free physical = 5462 ; free virtual = 31937

Starting Logic Optimization Task

Phase 1 Generate And Synthesize Debug Cores
INFO: [Chipscope 16-329] Generating Script for core instance : dbg_hub 
INFO: [IP_Flow 19-3806] Processing IP xilinx.com:ip:xsdbm:3.0 for cell dbg_hub_CV.
INFO: [Chipscope 16-220] Re-using generated and synthesized IP, "xilinx.com:ip:xsdbm:3.0", from Vivado IP cache entry "7a51464c3c949995".
CRITICAL WARNING: [Common 17-55] 'get_property' expects at least one object. [/home/paul/work/fpga/Xilinx/artix7/qmtech_minimig_tests/aars_video_out/aars_video_out.runs/impl_1/.Xil/Vivado-24525-jaeger/dbg_hub_CV.0/out/xsdbm_cc_late_late.xdc:10]
Resolution: If [get_<value>] was used to populate the object, check to make sure this command returns at least one valid object.
CRITICAL WARNING: [Common 17-1548] Command failed: can't read "wr_clk_period": no such variable
 [/home/paul/work/fpga/Xilinx/artix7/qmtech_minimig_tests/aars_video_out/aars_video_out.runs/impl_1/.Xil/Vivado-24525-jaeger/dbg_hub_CV.0/out/xsdbm_cc_late_late.xdc:12]
CRITICAL WARNING: [Common 17-1548] Command failed: can't read "skew_value": no such variable
 [/home/paul/work/fpga/Xilinx/artix7/qmtech_minimig_tests/aars_video_out/aars_video_out.runs/impl_1/.Xil/Vivado-24525-jaeger/dbg_hub_CV.0/out/xsdbm_cc_late_late.xdc:17]
CRITICAL WARNING: [Common 17-55] 'get_property' expects at least one object. [/home/paul/work/fpga/Xilinx/artix7/qmtech_minimig_tests/aars_video_out/aars_video_out.runs/impl_1/.Xil/Vivado-24525-jaeger/dbg_hub_CV.0/out/xsdbm_cc_late_late.xdc:19]
Resolution: If [get_<value>] was used to populate the object, check to make sure this command returns at least one valid object.
CRITICAL WARNING: [Common 17-1548] Command failed: can't read "skew_value": no such variable
 [/home/paul/work/fpga/Xilinx/artix7/qmtech_minimig_tests/aars_video_out/aars_video_out.runs/impl_1/.Xil/Vivado-24525-jaeger/dbg_hub_CV.0/out/xsdbm_cc_late_late.xdc:20]
CRITICAL WARNING: [Common 17-55] 'get_property' expects at least one object. [/home/paul/work/fpga/Xilinx/artix7/qmtech_minimig_tests/aars_video_out/aars_video_out.runs/impl_1/.Xil/Vivado-24525-jaeger/dbg_hub_CV.0/out/xsdbm_cc_late_late.xdc:24]
Resolution: If [get_<value>] was used to populate the object, check to make sure this command returns at least one valid object.
CRITICAL WARNING: [Common 17-1548] Command failed: can't read "rd_clk_period_2": no such variable
 [/home/paul/work/fpga/Xilinx/artix7/qmtech_minimig_tests/aars_video_out/aars_video_out.runs/impl_1/.Xil/Vivado-24525-jaeger/dbg_hub_CV.0/out/xsdbm_cc_late_late.xdc:25]
CRITICAL WARNING: [Common 17-55] 'get_property' expects at least one object. [/home/paul/work/fpga/Xilinx/artix7/qmtech_minimig_tests/aars_video_out/aars_video_out.runs/impl_1/.Xil/Vivado-24525-jaeger/dbg_hub_CV.0/out/xsdbm_cc_late_late.xdc:32]
Resolution: If [get_<value>] was used to populate the object, check to make sure this command returns at least one valid object.
CRITICAL WARNING: [Common 17-1548] Command failed: can't read "skew_value_2": no such variable
 [/home/paul/work/fpga/Xilinx/artix7/qmtech_minimig_tests/aars_video_out/aars_video_out.runs/impl_1/.Xil/Vivado-24525-jaeger/dbg_hub_CV.0/out/xsdbm_cc_late_late.xdc:33]
CRITICAL WARNING: [Common 17-1548] Command failed: can't read "skew_value_2": no such variable
 [/home/paul/work/fpga/Xilinx/artix7/qmtech_minimig_tests/aars_video_out/aars_video_out.runs/impl_1/.Xil/Vivado-24525-jaeger/dbg_hub_CV.0/out/xsdbm_cc_late_late.xdc:36]
Netlist sorting complete. Time (s): cpu = 00:00:00.02 ; elapsed = 00:00:00.02 . Memory (MB): peak = 2385.781 ; gain = 0.000 ; free physical = 5300 ; free virtual = 31753
Phase 1 Generate And Synthesize Debug Cores | Checksum: 180f8edd6

Time (s): cpu = 00:00:22 ; elapsed = 00:00:23 . Memory (MB): peak = 2385.781 ; gain = 38.844 ; free physical = 5300 ; free virtual = 31753

Phase 2 Retarget
INFO: [Opt 31-138] Pushed 1 inverter(s) to 1 load pin(s).
INFO: [Opt 31-49] Retargeted 0 cell(s).
Phase 2 Retarget | Checksum: 1c9654adb

Time (s): cpu = 00:00:22 ; elapsed = 00:00:23 . Memory (MB): peak = 2385.781 ; gain = 38.844 ; free physical = 5303 ; free virtual = 31756
INFO: [Opt 31-389] Phase Retarget created 4 cells and removed 13 cells
INFO: [Opt 31-1021] In phase Retarget, 70 netlist objects are constrained preventing optimization. Please run opt_design with -debug_log to get more detail. 

Phase 3 Constant propagation
INFO: [Opt 31-138] Pushed 0 inverter(s) to 0 load pin(s).
Phase 3 Constant propagation | Checksum: 1f0e5dc0a

Time (s): cpu = 00:00:22 ; elapsed = 00:00:23 . Memory (MB): peak = 2385.781 ; gain = 38.844 ; free physical = 5303 ; free virtual = 31756
INFO: [Opt 31-389] Phase Constant propagation created 0 cells and removed 16 cells
INFO: [Opt 31-1021] In phase Constant propagation, 54 netlist objects are constrained preventing optimization. Please run opt_design with -debug_log to get more detail. 

Phase 4 Sweep
Phase 4 Sweep | Checksum: 195a6f658

Time (s): cpu = 00:00:22 ; elapsed = 00:00:23 . Memory (MB): peak = 2385.781 ; gain = 38.844 ; free physical = 5303 ; free virtual = 31756
INFO: [Opt 31-389] Phase Sweep created 0 cells and removed 71 cells
INFO: [Opt 31-1021] In phase Sweep, 869 netlist objects are constrained preventing optimization. Please run opt_design with -debug_log to get more detail. 

Phase 5 BUFG optimization
Phase 5 BUFG optimization | Checksum: 195a6f658

Time (s): cpu = 00:00:22 ; elapsed = 00:00:23 . Memory (MB): peak = 2385.781 ; gain = 38.844 ; free physical = 5303 ; free virtual = 31756
INFO: [Opt 31-662] Phase BUFG optimization created 0 cells of which 0 are BUFGs and removed 0 cells.

Phase 6 Shift Register Optimization
INFO: [Opt 31-1064] SRL Remap converted 0 SRLs to 0 registers and converted 0 registers of register chains to 0 SRLs
Phase 6 Shift Register Optimization | Checksum: 195a6f658

Time (s): cpu = 00:00:22 ; elapsed = 00:00:23 . Memory (MB): peak = 2385.781 ; gain = 38.844 ; free physical = 5303 ; free virtual = 31756
INFO: [Opt 31-389] Phase Shift Register Optimization created 0 cells and removed 0 cells

Phase 7 Post Processing Netlist
Phase 7 Post Processing Netlist | Checksum: 195a6f658

Time (s): cpu = 00:00:22 ; elapsed = 00:00:23 . Memory (MB): peak = 2385.781 ; gain = 38.844 ; free physical = 5303 ; free virtual = 31756
INFO: [Opt 31-389] Phase Post Processing Netlist created 0 cells and removed 0 cells
INFO: [Opt 31-1021] In phase Post Processing Netlist, 59 netlist objects are constrained preventing optimization. Please run opt_design with -debug_log to get more detail. 
Opt_design Change Summary
=========================


-------------------------------------------------------------------------------------------------------------------------
|  Phase                        |  #Cells created  |  #Cells Removed  |  #Constrained objects preventing optimizations  |
-------------------------------------------------------------------------------------------------------------------------
|  Retarget                     |               4  |              13  |                                             70  |
|  Constant propagation         |               0  |              16  |                                             54  |
|  Sweep                        |               0  |              71  |                                            869  |
|  BUFG optimization            |               0  |               0  |                                              0  |
|  Shift Register Optimization  |               0  |               0  |                                              0  |
|  Post Processing Netlist      |               0  |               0  |                                             59  |
-------------------------------------------------------------------------------------------------------------------------



Starting Connectivity Check Task

Time (s): cpu = 00:00:00 ; elapsed = 00:00:00.01 . Memory (MB): peak = 2385.781 ; gain = 0.000 ; free physical = 5303 ; free virtual = 31756
Ending Logic Optimization Task | Checksum: 23d3dc202

Time (s): cpu = 00:00:22 ; elapsed = 00:00:23 . Memory (MB): peak = 2385.781 ; gain = 38.844 ; free physical = 5303 ; free virtual = 31756

Starting Power Optimization Task
INFO: [Pwropt 34-132] Skipping clock gating for clocks with a period < 2.00 ns.
INFO: [Timing 38-35] Done setting XDC timing constraints.
INFO: [Pwropt 34-9] Applying IDT optimizations ...
INFO: [Pwropt 34-10] Applying ODC optimizations ...
INFO: [Physopt 32-619] Estimated Timing Summary | WNS=29.034 | TNS=0.000 |
Running Vector-less Activity Propagation...

Finished Running Vector-less Activity Propagation


Starting PowerOpt Patch Enables Task
INFO: [Pwropt 34-162] WRITE_MODE attribute of 0 BRAM(s) out of a total of 1 has been updated to save power. Run report_power_opt to get a complete listing of the BRAMs updated.
INFO: [Pwropt 34-201] Structural ODC has moved 0 WE to EN ports
Number of BRAM Ports augmented: 1 newly gated: 0 Total Ports: 2
Ending PowerOpt Patch Enables Task | Checksum: 1b8fdb2dc

Time (s): cpu = 00:00:00.03 ; elapsed = 00:00:00.02 . Memory (MB): peak = 2560.539 ; gain = 0.000 ; free physical = 5290 ; free virtual = 31743
Ending Power Optimization Task | Checksum: 1b8fdb2dc

Time (s): cpu = 00:00:03 ; elapsed = 00:00:02 . Memory (MB): peak = 2560.539 ; gain = 174.758 ; free physical = 5295 ; free virtual = 31748

Starting Final Cleanup Task
Ending Final Cleanup Task | Checksum: 1b8fdb2dc

Time (s): cpu = 00:00:00 ; elapsed = 00:00:00 . Memory (MB): peak = 2560.539 ; gain = 0.000 ; free physical = 5295 ; free virtual = 31748

Starting Netlist Obfuscation Task
Netlist sorting complete. Time (s): cpu = 00:00:00 ; elapsed = 00:00:00 . Memory (MB): peak = 2560.539 ; gain = 0.000 ; free physical = 5295 ; free virtual = 31748
Ending Netlist Obfuscation Task | Checksum: 1d13bbd53

Time (s): cpu = 00:00:00 ; elapsed = 00:00:00.01 . Memory (MB): peak = 2560.539 ; gain = 0.000 ; free physical = 5295 ; free virtual = 31748
INFO: [Common 17-83] Releasing license: Implementation
47 Infos, 2 Warnings, 10 Critical Warnings and 0 Errors encountered.
opt_design completed successfully
opt_design: Time (s): cpu = 00:00:42 ; elapsed = 00:00:42 . Memory (MB): peak = 2560.539 ; gain = 843.039 ; free physical = 5295 ; free virtual = 31748
INFO: [Common 17-600] The following parameters have non-default value.
tcl.collectionResultDisplayLimit
Netlist sorting complete. Time (s): cpu = 00:00:00 ; elapsed = 00:00:00 . Memory (MB): peak = 2560.539 ; gain = 0.000 ; free physical = 5295 ; free virtual = 31748
INFO: [Timing 38-480] Writing timing data to binary archive.
Writing placer database...
Writing XDEF routing.
Writing XDEF routing logical nets.
Writing XDEF routing special nets.
Write XDEF Complete: Time (s): cpu = 00:00:00.11 ; elapsed = 00:00:00.05 . Memory (MB): peak = 2560.539 ; gain = 0.000 ; free physical = 5294 ; free virtual = 31748
INFO: [Common 17-1381] The checkpoint '/home/paul/work/fpga/Xilinx/artix7/qmtech_minimig_tests/aars_video_out/aars_video_out.runs/impl_1/aars_video_top_opt.dcp' has been generated.
INFO: [runtcl-4] Executing : report_drc -file aars_video_top_drc_opted.rpt -pb aars_video_top_drc_opted.pb -rpx aars_video_top_drc_opted.rpx
Command: report_drc -file aars_video_top_drc_opted.rpt -pb aars_video_top_drc_opted.pb -rpx aars_video_top_drc_opted.rpx
INFO: [IP_Flow 19-1839] IP Catalog is up to date.
INFO: [DRC 23-27] Running DRC with 4 threads
INFO: [Coretcl 2-168] The results of DRC are in file /home/paul/work/fpga/Xilinx/artix7/qmtech_minimig_tests/aars_video_out/aars_video_out.runs/impl_1/aars_video_top_drc_opted.rpt.
report_drc completed successfully
Command: read_checkpoint -auto_incremental -incremental /home/paul/work/fpga/Xilinx/artix7/qmtech_minimig_tests/aars_video_out/aars_video_out.srcs/utils_1/imports/impl_1/aars_video_top_routed.dcp

Starting Incremental read checkpoint Task

Phase 1 Process Reference Checkpoint Netlist
INFO: [Netlist 29-17] Analyzing 115 Unisim elements for replacement
INFO: [Netlist 29-28] Unisim Transformation completed in 0 CPU seconds

Time (s): cpu = 00:00:01 ; elapsed = 00:00:02 . Memory (MB): peak = 2608.562 ; gain = 0.000 ; free physical = 5243 ; free virtual = 31686

Phase 2 Initialization
Netlist sorting complete. Time (s): cpu = 00:00:00 ; elapsed = 00:00:00.01 . Memory (MB): peak = 2608.562 ; gain = 0.000 ; free physical = 5242 ; free virtual = 31685
Netlist sorting complete. Time (s): cpu = 00:00:00.01 ; elapsed = 00:00:00 . Memory (MB): peak = 2608.562 ; gain = 0.000 ; free physical = 5242 ; free virtual = 31685

Time (s): cpu = 00:00:02 ; elapsed = 00:00:03 . Memory (MB): peak = 2608.562 ; gain = 0.000 ; free physical = 5242 ; free virtual = 31685

Phase 3 Replay Physical Synthesis Transforms
INFO: [Vivado_Tcl 4-521] iPhys_opt_design summary: tried 0 changes and 0 changes are successfully applied

Time (s): cpu = 00:00:02 ; elapsed = 00:00:03 . Memory (MB): peak = 2608.562 ; gain = 0.000 ; free physical = 5242 ; free virtual = 31685

Phase 4 Build Reuse DB
Reading placer database...
Read XDEF File: Time (s): cpu = 00:00:02 ; elapsed = 00:00:02 . Memory (MB): peak = 2608.562 ; gain = 0.000 ; free physical = 5239 ; free virtual = 31682
Finished XDEF File Restore: Time (s): cpu = 00:00:02 ; elapsed = 00:00:02 . Memory (MB): peak = 2608.562 ; gain = 0.000 ; free physical = 5240 ; free virtual = 31682
INFO: [Designutils 20-2297] Reference Design: /home/paul/work/fpga/Xilinx/artix7/qmtech_minimig_tests/aars_video_out/aars_video_out.srcs/utils_1/imports/impl_1/aars_video_top_routed.dcp, Summary | WNS = 29.691 | WHS = 0.429 | State = POST_ROUTE |

Time (s): cpu = 00:00:07 ; elapsed = 00:00:07 . Memory (MB): peak = 2608.562 ; gain = 0.000 ; free physical = 5258 ; free virtual = 31700

Phase 5 Checking legality
Phase 5 Checking legality | Checksum: 12ecd6b0c

Time (s): cpu = 00:00:09 ; elapsed = 00:00:08 . Memory (MB): peak = 2608.562 ; gain = 0.000 ; free physical = 5253 ; free virtual = 31695

Phase 6 Reporting

Incremental Implementation Information

Table of Contents
-----------------
1. Reuse Summary
2. Reference Checkpoint Information
3. Comparison with Reference Run
4. Non Reuse Information

1. Reuse Summary
----------------

+-------+----------------------+--------------------+--------------------+-------+
|  Type | Matched % (of Total) | Reuse % (of Total) | Fixed % (of Total) | Total |
+-------+----------------------+--------------------+--------------------+-------+
| Cells |               100.00 |             100.00 |               0.98 |  3666 |
| Nets  |               100.00 |             100.00 |               0.00 |  2777 |
| Pins  |                    - |             100.00 |                  - | 12655 |
| Ports |               100.00 |             100.00 |             100.00 |    36 |
+-------+----------------------+--------------------+--------------------+-------+


2. Reference Checkpoint Information
-----------------------------------

+----------------+---------------------------------------------------------------------------------------------------------------------------------------------+
| DCP Location:  | /home/paul/work/fpga/Xilinx/artix7/qmtech_minimig_tests/aars_video_out/aars_video_out.srcs/utils_1/imports/impl_1/aars_video_top_routed.dcp |
+----------------+---------------------------------------------------------------------------------------------------------------------------------------------+


+--------------------------------+----------------------------+
|         DCP Information        |            Value           |
+--------------------------------+----------------------------+
| Vivado Version                 |                   2019.1.3 |
| DCP State                      |                 POST_ROUTE |
| Recorded WNS                   |                     29.691 |
| Recorded WHS                   |                      0.429 |
| Reference Speed File Version   | PRODUCTION 1.23 2018-06-13 |
| Incremental Speed File Version | PRODUCTION 1.23 2018-06-13 |
+--------------------------------+----------------------------+
* Recorded WNS/WHS timing numbers are estimated timing numbers. They may vary slightly from sign-off timing numbers.


3. Comparison with Reference Run
--------------------------------

+-----------------+---------------------------+---------------------------+---------------------------+
|                 |          WNS(ns)          |  Runtime(elapsed)(hh:mm)  |    Runtime(cpu)(hh:mm)    |
+-----------------+-------------+-------------+-------------+-------------+-------------+-------------+
|      Stage      |  Reference  | Incremental |  Reference  | Incremental |  Reference  | Incremental |
+-----------------+-------------+-------------+-------------+-------------+-------------+-------------+
| synth_design    |             |             |     < 1 min |     < 1 min |     < 1 min |     < 1 min |
| opt_design      |             |             |       00:01 |     < 1 min |       00:01 |     < 1 min |
| read_checkpoint |             |             |     < 1 min |             |     < 1 min |             |
+-----------------+-------------+-------------+-------------+-------------+-------------+-------------+


4. Non Reuse Information
------------------------

+-----------------------+------+
|          Type         |   %  |
+-----------------------+------+
| Non-Reused Cells      | 0.00 |
| Partially reused nets | 0.00 |
| Non-Reused nets       | 0.00 |
| Non-Reused Ports      | 0.00 |
+-----------------------+------+



Time (s): cpu = 00:00:09 ; elapsed = 00:00:08 . Memory (MB): peak = 2608.562 ; gain = 0.000 ; free physical = 5266 ; free virtual = 31709

Time (s): cpu = 00:00:09 ; elapsed = 00:00:08 . Memory (MB): peak = 2608.562 ; gain = 0.000 ; free physical = 5267 ; free virtual = 31710
read_checkpoint: Time (s): cpu = 00:00:09 ; elapsed = 00:00:08 . Memory (MB): peak = 2608.562 ; gain = 0.000 ; free physical = 5267 ; free virtual = 31710
INFO: [Vivado_Tcl 4-115] Reporting incremental reuse summary using design-checkpoint file '/home/paul/work/fpga/Xilinx/artix7/qmtech_minimig_tests/aars_video_out/aars_video_out.srcs/utils_1/imports/impl_1/aars_video_top_routed.dcp'

Starting Report Incremental Reuse Task

Time (s): cpu = 00:00:00.36 ; elapsed = 00:00:00.48 . Memory (MB): peak = 2608.562 ; gain = 0.000 ; free physical = 5266 ; free virtual = 31709
report_incremental_reuse: Time (s): cpu = 00:00:00.36 ; elapsed = 00:00:00.48 . Memory (MB): peak = 2608.562 ; gain = 0.000 ; free physical = 5266 ; free virtual = 31709
INFO: [Chipscope 16-240] Debug cores have already been implemented
Command: place_design
Attempting to get a license for feature 'Implementation' and/or device 'xc7a100t'
INFO: [Common 17-349] Got license for feature 'Implementation' and/or device 'xc7a100t'

Starting Incremental Placer Task
INFO: [Vivado_Tcl 4-24] Running Incremental Placer flow for unplaced cells using reference design-checkpoint '/home/paul/work/fpga/Xilinx/artix7/qmtech_minimig_tests/aars_video_out/aars_video_out.srcs/utils_1/imports/impl_1/aars_video_top_routed.dcp'.
INFO: [Place 46-42] Incremental Compile is being run in High Reuse Mode.
INFO: [Place 46-44] place_design is using directive Default with target WNS of 0 ns.
INFO: [Place 30-281] No place-able instance is found; design doesn't contain any instance or all instances are placed

Reference - Incremental Comparison Summary

1. Comparison with Reference Run
--------------------------------

+-----------------+---------------------------+---------------------------+---------------------------+
|                 |          WNS(ns)          |  Runtime(elapsed)(hh:mm)  |    Runtime(cpu)(hh:mm)    |
+-----------------+-------------+-------------+-------------+-------------+-------------+-------------+
|      Stage      |  Reference  | Incremental |  Reference  | Incremental |  Reference  | Incremental |
+-----------------+-------------+-------------+-------------+-------------+-------------+-------------+
| synth_design    |             |             |     < 1 min |     < 1 min |     < 1 min |     < 1 min |
| opt_design      |             |             |       00:01 |     < 1 min |       00:01 |     < 1 min |
| read_checkpoint |             |             |     < 1 min |     < 1 min |     < 1 min |     < 1 min |
| place_design    |      28.471 |      29.691 |     < 1 min |     < 1 min |     < 1 min |     < 1 min |
+-----------------+-------------+-------------+-------------+-------------+-------------+-------------+


Ending Incremental Placer Task | Checksum: 12ecd6b0c

Time (s): cpu = 00:00:00.07 ; elapsed = 00:00:00.09 . Memory (MB): peak = 2608.562 ; gain = 0.000 ; free physical = 5265 ; free virtual = 31709
INFO: [Common 17-83] Releasing license: Implementation
66 Infos, 2 Warnings, 10 Critical Warnings and 0 Errors encountered.
place_design completed successfully
Netlist sorting complete. Time (s): cpu = 00:00:00.01 ; elapsed = 00:00:00.01 . Memory (MB): peak = 2608.562 ; gain = 0.000 ; free physical = 5265 ; free virtual = 31708
INFO: [Timing 38-480] Writing timing data to binary archive.
Writing placer database...
Writing XDEF routing.
Writing XDEF routing logical nets.
Writing XDEF routing special nets.
Write XDEF Complete: Time (s): cpu = 00:00:02 ; elapsed = 00:00:01 . Memory (MB): peak = 2608.562 ; gain = 0.000 ; free physical = 5345 ; free virtual = 31793
INFO: [Common 17-1381] The checkpoint '/home/paul/work/fpga/Xilinx/artix7/qmtech_minimig_tests/aars_video_out/aars_video_out.runs/impl_1/aars_video_top_placed.dcp' has been generated.
INFO: [runtcl-4] Executing : report_io -file aars_video_top_io_placed.rpt
report_io: Time (s): cpu = 00:00:00.25 ; elapsed = 00:00:00.29 . Memory (MB): peak = 2608.562 ; gain = 0.000 ; free physical = 5335 ; free virtual = 31772
INFO: [runtcl-4] Executing : report_utilization -file aars_video_top_utilization_placed.rpt -pb aars_video_top_utilization_placed.pb
INFO: [runtcl-4] Executing : report_control_sets -verbose -file aars_video_top_control_sets_placed.rpt
report_control_sets: Time (s): cpu = 00:00:00.34 ; elapsed = 00:00:00.48 . Memory (MB): peak = 2608.562 ; gain = 0.000 ; free physical = 5347 ; free virtual = 31786
Command: route_design
Attempting to get a license for feature 'Implementation' and/or device 'xc7a100t'
INFO: [Common 17-349] Got license for feature 'Implementation' and/or device 'xc7a100t'
Running DRC as a precondition to command route_design
INFO: [DRC 23-27] Running DRC with 4 threads
INFO: [Vivado_Tcl 4-198] DRC finished with 0 Errors
INFO: [Vivado_Tcl 4-199] Please refer to the DRC report (report_drc) for more information.

Reference - Incremental Comparison Summary

1. Comparison with Reference Run
--------------------------------

+-----------------+---------------------------+---------------------------+---------------------------+
|                 |          WNS(ns)          |  Runtime(elapsed)(hh:mm)  |    Runtime(cpu)(hh:mm)    |
+-----------------+-------------+-------------+-------------+-------------+-------------+-------------+
|      Stage      |  Reference  | Incremental |  Reference  | Incremental |  Reference  | Incremental |
+-----------------+-------------+-------------+-------------+-------------+-------------+-------------+
| synth_design    |             |             |     < 1 min |     < 1 min |     < 1 min |     < 1 min |
| opt_design      |             |             |       00:01 |     < 1 min |       00:01 |     < 1 min |
| read_checkpoint |             |             |     < 1 min |     < 1 min |     < 1 min |     < 1 min |
| place_design    |      28.471 |      29.691 |     < 1 min |     < 1 min |     < 1 min |     < 1 min |
| route_design    |      29.691 |      29.691 |       00:01 |     < 1 min |       00:02 |     < 1 min |
+-----------------+-------------+-------------+-------------+-------------+-------------+-------------+


INFO: [Common 17-83] Releasing license: Implementation
76 Infos, 2 Warnings, 10 Critical Warnings and 0 Errors encountered.
route_design completed successfully
route_design: Time (s): cpu = 00:00:07 ; elapsed = 00:00:06 . Memory (MB): peak = 2608.562 ; gain = 0.000 ; free physical = 5293 ; free virtual = 31740
Netlist sorting complete. Time (s): cpu = 00:00:00 ; elapsed = 00:00:00 . Memory (MB): peak = 2608.562 ; gain = 0.000 ; free physical = 5292 ; free virtual = 31740
INFO: [Timing 38-480] Writing timing data to binary archive.
Writing placer database...
Writing XDEF routing.
Writing XDEF routing logical nets.
Writing XDEF routing special nets.
Write XDEF Complete: Time (s): cpu = 00:00:04 ; elapsed = 00:00:02 . Memory (MB): peak = 2608.562 ; gain = 0.000 ; free physical = 5239 ; free virtual = 31713
INFO: [Common 17-1381] The checkpoint '/home/paul/work/fpga/Xilinx/artix7/qmtech_minimig_tests/aars_video_out/aars_video_out.runs/impl_1/aars_video_top_routed.dcp' has been generated.
INFO: [runtcl-4] Executing : report_drc -file aars_video_top_drc_routed.rpt -pb aars_video_top_drc_routed.pb -rpx aars_video_top_drc_routed.rpx
Command: report_drc -file aars_video_top_drc_routed.rpt -pb aars_video_top_drc_routed.pb -rpx aars_video_top_drc_routed.rpx
INFO: [IP_Flow 19-1839] IP Catalog is up to date.
INFO: [DRC 23-27] Running DRC with 4 threads
INFO: [Coretcl 2-168] The results of DRC are in file /home/paul/work/fpga/Xilinx/artix7/qmtech_minimig_tests/aars_video_out/aars_video_out.runs/impl_1/aars_video_top_drc_routed.rpt.
report_drc completed successfully
INFO: [runtcl-4] Executing : report_methodology -file aars_video_top_methodology_drc_routed.rpt -pb aars_video_top_methodology_drc_routed.pb -rpx aars_video_top_methodology_drc_routed.rpx
Command: report_methodology -file aars_video_top_methodology_drc_routed.rpt -pb aars_video_top_methodology_drc_routed.pb -rpx aars_video_top_methodology_drc_routed.rpx
INFO: [Timing 38-35] Done setting XDC timing constraints.
INFO: [DRC 23-133] Running Methodology with 4 threads
INFO: [Coretcl 2-1520] The results of Report Methodology are in file /home/paul/work/fpga/Xilinx/artix7/qmtech_minimig_tests/aars_video_out/aars_video_out.runs/impl_1/aars_video_top_methodology_drc_routed.rpt.
report_methodology completed successfully
report_methodology: Time (s): cpu = 00:00:08 ; elapsed = 00:00:06 . Memory (MB): peak = 2608.562 ; gain = 0.000 ; free physical = 5271 ; free virtual = 31740
INFO: [runtcl-4] Executing : report_power -file aars_video_top_power_routed.rpt -pb aars_video_top_power_summary_routed.pb -rpx aars_video_top_power_routed.rpx
Command: report_power -file aars_video_top_power_routed.rpt -pb aars_video_top_power_summary_routed.pb -rpx aars_video_top_power_routed.rpx
INFO: [Timing 38-35] Done setting XDC timing constraints.
Running Vector-less Activity Propagation...

Finished Running Vector-less Activity Propagation
88 Infos, 2 Warnings, 10 Critical Warnings and 0 Errors encountered.
report_power completed successfully
INFO: [runtcl-4] Executing : report_route_status -file aars_video_top_route_status.rpt -pb aars_video_top_route_status.pb
INFO: [runtcl-4] Executing : report_timing_summary -max_paths 10 -file aars_video_top_timing_summary_routed.rpt -pb aars_video_top_timing_summary_routed.pb -rpx aars_video_top_timing_summary_routed.rpx -warn_on_violation 
INFO: [Timing 38-91] UpdateTimingParams: Speed grade: -2, Delay Type: min_max.
INFO: [Timing 38-191] Multithreading enabled for timing update using a maximum of 4 CPUs
INFO: [runtcl-4] Executing : report_incremental_reuse -file aars_video_top_incremental_reuse_routed.rpt
INFO: [Vivado_Tcl 4-115] Reporting incremental reuse summary using design-checkpoint file '/home/paul/work/fpga/Xilinx/artix7/qmtech_minimig_tests/aars_video_out/aars_video_out.srcs/utils_1/imports/impl_1/aars_video_top_routed.dcp'

Starting Report Incremental Reuse Task

Time (s): cpu = 00:00:00.14 ; elapsed = 00:00:00.18 . Memory (MB): peak = 2608.562 ; gain = 0.000 ; free physical = 5267 ; free virtual = 31728
report_incremental_reuse: Time (s): cpu = 00:00:00.14 ; elapsed = 00:00:00.18 . Memory (MB): peak = 2608.562 ; gain = 0.000 ; free physical = 5267 ; free virtual = 31728
INFO: [runtcl-4] Executing : report_clock_utilization -file aars_video_top_clock_utilization_routed.rpt
INFO: [runtcl-4] Executing : report_bus_skew -warn_on_violation -file aars_video_top_bus_skew_routed.rpt -pb aars_video_top_bus_skew_routed.pb -rpx aars_video_top_bus_skew_routed.rpx
INFO: [Timing 38-91] UpdateTimingParams: Speed grade: -2, Delay Type: min_max.
INFO: [Timing 38-191] Multithreading enabled for timing update using a maximum of 4 CPUs
Command: write_bitstream -force aars_video_top.bit
Attempting to get a license for feature 'Implementation' and/or device 'xc7a100t'
INFO: [Common 17-349] Got license for feature 'Implementation' and/or device 'xc7a100t'
Running DRC as a precondition to command write_bitstream
INFO: [IP_Flow 19-1839] IP Catalog is up to date.
INFO: [DRC 23-27] Running DRC with 4 threads
WARNING: [DRC CFGBVS-1] Missing CFGBVS and CONFIG_VOLTAGE Design Properties: Neither the CFGBVS nor CONFIG_VOLTAGE voltage property is set in the current_design.  Configuration bank voltage select (CFGBVS) must be set to VCCO or GND, and CONFIG_VOLTAGE must be set to the correct configuration voltage, in order to determine the I/O voltage support for the pins in bank 0.  It is suggested to specify these either using the 'Edit Device Properties' function in the GUI or directly in the XDC file using the following syntax:

 set_property CFGBVS value1 [current_design]
 #where value1 is either VCCO or GND

 set_property CONFIG_VOLTAGE value2 [current_design]
 #where value2 is the voltage provided to configuration bank 0

Refer to the device configuration user guide for more information.
WARNING: [DRC RTSTAT-10] No routable loads: 25 net(s) have no routable loads. The problem bus(es) and/or net(s) are dbg_hub/inst/BSCANID.u_xsdbm_id/CORE_XSDB.UUT_MASTER/U_ICON_INTERFACE/U_CMD6_RD/U_RD_FIFO/SUBCORE_FIFO.xsdbm_v3_0_0_rdfifo_inst/inst_fifo_gen/gconvfifo.rf/grf.rf/gntv_or_sync_fifo.gl0.rd/gr1.gr1_int.rfwft/aempty_fwft_i, dbg_hub/inst/BSCANID.u_xsdbm_id/CORE_XSDB.UUT_MASTER/U_ICON_INTERFACE/U_CMD7_CTL/ctl_reg[2:0], dbg_hub/inst/BSCANID.u_xsdbm_id/CORE_XSDB.UUT_MASTER/U_ICON_INTERFACE/U_CMD1/ctl_reg_en_2[1], dbg_hub/inst/BSCANID.u_xsdbm_id/CORE_XSDB.UUT_MASTER/U_ICON_INTERFACE/U_CMD7_CTL/ctl_reg_en_2[1], dbg_hub/inst/BSCANID.u_xsdbm_id/SWITCH_N_EXT_BSCAN.bscan_switch/m_bscan_capture[0], dbg_hub/inst/BSCANID.u_xsdbm_id/SWITCH_N_EXT_BSCAN.bscan_switch/m_bscan_drck[0], dbg_hub/inst/BSCANID.u_xsdbm_id/SWITCH_N_EXT_BSCAN.bscan_switch/m_bscan_runtest[0], dbg_hub/inst/BSCANID.u_xsdbm_id/CORE_XSDB.UUT_MASTER/U_ICON_INTERFACE/U_CMD6_WR/U_WR_FIFO/SUBCORE_FIFO.xsdbm_v3_0_0_wrfifo_inst/inst_fifo_gen/gconvfifo.rf/grf.rf/gntv_or_sync_fifo.gl0.wr/gwhf.whf/overflow, dbg_hub/inst/BSCANID.u_xsdbm_id/CORE_XSDB.UUT_MASTER/U_ICON_INTERFACE/U_CMD6_RD/U_RD_FIFO/SUBCORE_FIFO.xsdbm_v3_0_0_rdfifo_inst/inst_fifo_gen/gconvfifo.rf/grf.rf/gntv_or_sync_fifo.gl0.wr/gwhf.whf/overflow, dbg_hub/inst/BSCANID.u_xsdbm_id/CORE_XSDB.UUT_MASTER/U_ICON_INTERFACE/U_CMD6_RD/U_RD_FIFO/SUBCORE_FIFO.xsdbm_v3_0_0_rdfifo_inst/inst_fifo_gen/gconvfifo.rf/grf.rf/gntv_or_sync_fifo.gl0.rd/gras.rsts/ram_empty_i, dbg_hub/inst/BSCANID.u_xsdbm_id/CORE_XSDB.UUT_MASTER/U_ICON_INTERFACE/U_CMD6_WR/U_WR_FIFO/SUBCORE_FIFO.xsdbm_v3_0_0_wrfifo_inst/inst_fifo_gen/gconvfifo.rf/grf.rf/gntv_or_sync_fifo.gl0.wr/gwas.wsts/ram_full_i, dbg_hub/inst/BSCANID.u_xsdbm_id/CORE_XSDB.UUT_MASTER/U_ICON_INTERFACE/U_CMD6_WR/U_WR_FIFO/SUBCORE_FIFO.xsdbm_v3_0_0_wrfifo_inst/inst_fifo_gen/gconvfifo.rf/grf.rf/rstblk/rd_rst_reg[0], dbg_hub/inst/BSCANID.u_xsdbm_id/SWITCH_N_EXT_BSCAN.bscan_inst/s_bscan_tms, your_instance_name/inst/ila_core_inst/u_ila_regs/U_XSDB_SLAVE/s_daddr_o[13], your_instance_name/inst/ila_core_inst/u_ila_regs/U_XSDB_SLAVE/s_daddr_o[14]... and (the first 15 of 23 listed).
INFO: [Vivado 12-3199] DRC finished with 0 Errors, 2 Warnings
INFO: [Vivado 12-3200] Please refer to the DRC report (report_drc) for more information.
INFO: [Designutils 20-2272] Running write_bitstream with 4 threads.
Loading data files...
Loading site data...
Loading route data...
Processing options...
Creating bitmap...
Creating bitstream...
Writing bitstream ./aars_video_top.bit...
INFO: [Vivado 12-1842] Bitgen Completed Successfully.
INFO: [Project 1-120] WebTalk data collection is mandatory when using a WebPACK part without a full Vivado license. To see the specific WebTalk data collected for your design, open the usage_statistics_webtalk.html or usage_statistics_webtalk.xml file in the implementation directory.
INFO: [Common 17-186] '/home/paul/work/fpga/Xilinx/artix7/qmtech_minimig_tests/aars_video_out/aars_video_out.runs/impl_1/usage_statistics_webtalk.xml' has been successfully sent to Xilinx on Sat Jan 11 13:45:56 2020. For additional details about this file, please refer to the WebTalk help file at /opt/Xilinx/Vivado/2019.1/doc/webtalk_introduction.html.
INFO: [Common 17-83] Releasing license: Implementation
108 Infos, 4 Warnings, 10 Critical Warnings and 0 Errors encountered.
write_bitstream completed successfully
write_bitstream: Time (s): cpu = 00:00:27 ; elapsed = 00:00:26 . Memory (MB): peak = 2815.949 ; gain = 207.387 ; free physical = 5253 ; free virtual = 31734
INFO: [Common 17-206] Exiting Vivado at Sat Jan 11 13:45:56 2020...
