
*** Running vivado
    with args -log hello_aars_top.vdi -applog -m64 -product Vivado -messageDb vivado.pb -mode batch -source hello_aars_top.tcl -notrace


****** Vivado v2019.1.3 (64-bit)
  **** SW Build 2644227 on Wed Sep  4 09:44:18 MDT 2019
  **** IP Build 2633630 on Wed Sep  4 12:30:14 MDT 2019
    ** Copyright 1986-2019 Xilinx, Inc. All Rights Reserved.

source hello_aars_top.tcl -notrace
Command: link_design -top hello_aars_top -part xc7a35tftg256-1
Design is defaulting to srcset: sources_1
Design is defaulting to constrset: constrs_1
INFO: [Device 21-403] Loading part xc7a35tftg256-1
INFO: [Project 1-454] Reading design checkpoint '/home/paul/work/fpga/Xilinx/artix7/projects/hello_aars/hello_aars.runs/impl_1/.Xil/Vivado-8738-jaeger/clk_wiz_0/clk_wiz_0.dcp' for cell 'inst'
INFO: [Netlist 29-17] Analyzing 8 Unisim elements for replacement
INFO: [Netlist 29-28] Unisim Transformation completed in 0 CPU seconds
INFO: [Project 1-479] Netlist was created with Vivado 2019.1.3
INFO: [Project 1-570] Preparing netlist for logic optimization
Parsing XDC File [/home/paul/work/fpga/Xilinx/artix7/projects/hello_aars/hello_aars.srcs/sources_1/ip/clk_wiz_0/clk_wiz_0_board.xdc] for cell 'inst/inst'
Finished Parsing XDC File [/home/paul/work/fpga/Xilinx/artix7/projects/hello_aars/hello_aars.srcs/sources_1/ip/clk_wiz_0/clk_wiz_0_board.xdc] for cell 'inst/inst'
Parsing XDC File [/home/paul/work/fpga/Xilinx/artix7/projects/hello_aars/hello_aars.srcs/sources_1/ip/clk_wiz_0/clk_wiz_0.xdc] for cell 'inst/inst'
INFO: [Timing 38-35] Done setting XDC timing constraints. [/home/paul/work/fpga/Xilinx/artix7/projects/hello_aars/hello_aars.srcs/sources_1/ip/clk_wiz_0/clk_wiz_0.xdc:57]
INFO: [Timing 38-2] Deriving generated clocks [/home/paul/work/fpga/Xilinx/artix7/projects/hello_aars/hello_aars.srcs/sources_1/ip/clk_wiz_0/clk_wiz_0.xdc:57]
get_clocks: Time (s): cpu = 00:00:11 ; elapsed = 00:00:12 . Memory (MB): peak = 2112.141 ; gain = 474.812 ; free physical = 2381 ; free virtual = 30686
Finished Parsing XDC File [/home/paul/work/fpga/Xilinx/artix7/projects/hello_aars/hello_aars.srcs/sources_1/ip/clk_wiz_0/clk_wiz_0.xdc] for cell 'inst/inst'
Parsing XDC File [/home/paul/work/fpga/Xilinx/artix7/projects/hello_aars/hello_aars.srcs/constrs_1/new/aars_v001.xdc]
Finished Parsing XDC File [/home/paul/work/fpga/Xilinx/artix7/projects/hello_aars/hello_aars.srcs/constrs_1/new/aars_v001.xdc]
INFO: [Opt 31-138] Pushed 0 inverter(s) to 0 load pin(s).
Netlist sorting complete. Time (s): cpu = 00:00:00 ; elapsed = 00:00:00 . Memory (MB): peak = 2112.141 ; gain = 0.000 ; free physical = 2382 ; free virtual = 30686
INFO: [Project 1-111] Unisim Transformation Summary:
No Unisim elements were transformed.

10 Infos, 0 Warnings, 0 Critical Warnings and 0 Errors encountered.
link_design completed successfully
link_design: Time (s): cpu = 00:00:17 ; elapsed = 00:00:18 . Memory (MB): peak = 2112.141 ; gain = 718.570 ; free physical = 2382 ; free virtual = 30686
Command: opt_design
Attempting to get a license for feature 'Implementation' and/or device 'xc7a35t'
INFO: [Common 17-349] Got license for feature 'Implementation' and/or device 'xc7a35t'
Running DRC as a precondition to command opt_design

Starting DRC Task
INFO: [DRC 23-27] Running DRC with 4 threads
INFO: [Project 1-461] DRC finished with 0 Errors
INFO: [Project 1-462] Please refer to the DRC report (report_drc) for more information.

Time (s): cpu = 00:00:02 ; elapsed = 00:00:02 . Memory (MB): peak = 2144.156 ; gain = 32.016 ; free physical = 2363 ; free virtual = 30669

Starting Cache Timing Information Task
INFO: [Timing 38-35] Done setting XDC timing constraints.
Ending Cache Timing Information Task | Checksum: 17a43eaa4

Time (s): cpu = 00:00:00.01 ; elapsed = 00:00:00.01 . Memory (MB): peak = 2157.031 ; gain = 12.875 ; free physical = 2363 ; free virtual = 30669

Starting Logic Optimization Task

Phase 1 Retarget
INFO: [Opt 31-138] Pushed 0 inverter(s) to 0 load pin(s).
INFO: [Opt 31-49] Retargeted 0 cell(s).
Phase 1 Retarget | Checksum: 17a43eaa4

Time (s): cpu = 00:00:00.01 ; elapsed = 00:00:00.02 . Memory (MB): peak = 2258.000 ; gain = 0.000 ; free physical = 2208 ; free virtual = 30519
INFO: [Opt 31-389] Phase Retarget created 0 cells and removed 0 cells
INFO: [Opt 31-1021] In phase Retarget, 1 netlist objects are constrained preventing optimization. Please run opt_design with -debug_log to get more detail. 

Phase 2 Constant propagation
INFO: [Opt 31-138] Pushed 0 inverter(s) to 0 load pin(s).
Phase 2 Constant propagation | Checksum: 17a43eaa4

Time (s): cpu = 00:00:00.01 ; elapsed = 00:00:00.02 . Memory (MB): peak = 2258.000 ; gain = 0.000 ; free physical = 2208 ; free virtual = 30519
INFO: [Opt 31-389] Phase Constant propagation created 0 cells and removed 0 cells

Phase 3 Sweep
Phase 3 Sweep | Checksum: 13a29f981

Time (s): cpu = 00:00:00.02 ; elapsed = 00:00:00.03 . Memory (MB): peak = 2258.000 ; gain = 0.000 ; free physical = 2208 ; free virtual = 30519
INFO: [Opt 31-389] Phase Sweep created 0 cells and removed 0 cells

Phase 4 BUFG optimization
Phase 4 BUFG optimization | Checksum: 13a29f981

Time (s): cpu = 00:00:00.02 ; elapsed = 00:00:00.03 . Memory (MB): peak = 2258.000 ; gain = 0.000 ; free physical = 2208 ; free virtual = 30519
INFO: [Opt 31-662] Phase BUFG optimization created 0 cells of which 0 are BUFGs and removed 0 cells.

Phase 5 Shift Register Optimization
INFO: [Opt 31-1064] SRL Remap converted 0 SRLs to 0 registers and converted 0 registers of register chains to 0 SRLs
Phase 5 Shift Register Optimization | Checksum: 13a29f981

Time (s): cpu = 00:00:00.02 ; elapsed = 00:00:00.04 . Memory (MB): peak = 2258.000 ; gain = 0.000 ; free physical = 2208 ; free virtual = 30519
INFO: [Opt 31-389] Phase Shift Register Optimization created 0 cells and removed 0 cells

Phase 6 Post Processing Netlist
Phase 6 Post Processing Netlist | Checksum: 13a29f981

Time (s): cpu = 00:00:00.02 ; elapsed = 00:00:00.04 . Memory (MB): peak = 2258.000 ; gain = 0.000 ; free physical = 2208 ; free virtual = 30519
INFO: [Opt 31-389] Phase Post Processing Netlist created 0 cells and removed 0 cells
Opt_design Change Summary
=========================


-------------------------------------------------------------------------------------------------------------------------
|  Phase                        |  #Cells created  |  #Cells Removed  |  #Constrained objects preventing optimizations  |
-------------------------------------------------------------------------------------------------------------------------
|  Retarget                     |               0  |               0  |                                              1  |
|  Constant propagation         |               0  |               0  |                                              0  |
|  Sweep                        |               0  |               0  |                                              0  |
|  BUFG optimization            |               0  |               0  |                                              0  |
|  Shift Register Optimization  |               0  |               0  |                                              0  |
|  Post Processing Netlist      |               0  |               0  |                                              0  |
-------------------------------------------------------------------------------------------------------------------------



Starting Connectivity Check Task

Time (s): cpu = 00:00:00 ; elapsed = 00:00:00 . Memory (MB): peak = 2258.000 ; gain = 0.000 ; free physical = 2208 ; free virtual = 30519
Ending Logic Optimization Task | Checksum: 179f8d7e2

Time (s): cpu = 00:00:00.03 ; elapsed = 00:00:00.04 . Memory (MB): peak = 2258.000 ; gain = 0.000 ; free physical = 2208 ; free virtual = 30519

Starting Power Optimization Task
INFO: [Pwropt 34-132] Skipping clock gating for clocks with a period < 2.00 ns.
Ending Power Optimization Task | Checksum: 179f8d7e2

Time (s): cpu = 00:00:00.01 ; elapsed = 00:00:00.02 . Memory (MB): peak = 2258.000 ; gain = 0.000 ; free physical = 2207 ; free virtual = 30518

Starting Final Cleanup Task
Ending Final Cleanup Task | Checksum: 179f8d7e2

Time (s): cpu = 00:00:00 ; elapsed = 00:00:00 . Memory (MB): peak = 2258.000 ; gain = 0.000 ; free physical = 2207 ; free virtual = 30518

Starting Netlist Obfuscation Task
Netlist sorting complete. Time (s): cpu = 00:00:00 ; elapsed = 00:00:00 . Memory (MB): peak = 2258.000 ; gain = 0.000 ; free physical = 2207 ; free virtual = 30518
Ending Netlist Obfuscation Task | Checksum: 179f8d7e2

Time (s): cpu = 00:00:00 ; elapsed = 00:00:00 . Memory (MB): peak = 2258.000 ; gain = 0.000 ; free physical = 2207 ; free virtual = 30518
INFO: [Common 17-83] Releasing license: Implementation
28 Infos, 0 Warnings, 0 Critical Warnings and 0 Errors encountered.
opt_design completed successfully
opt_design: Time (s): cpu = 00:00:05 ; elapsed = 00:00:06 . Memory (MB): peak = 2258.000 ; gain = 145.859 ; free physical = 2207 ; free virtual = 30518
Netlist sorting complete. Time (s): cpu = 00:00:00 ; elapsed = 00:00:00 . Memory (MB): peak = 2258.000 ; gain = 0.000 ; free physical = 2207 ; free virtual = 30518
INFO: [Timing 38-480] Writing timing data to binary archive.
Writing placer database...
Writing XDEF routing.
Writing XDEF routing logical nets.
Writing XDEF routing special nets.
Write XDEF Complete: Time (s): cpu = 00:00:00.05 ; elapsed = 00:00:00.02 . Memory (MB): peak = 2258.000 ; gain = 0.000 ; free physical = 2206 ; free virtual = 30518
INFO: [Common 17-1381] The checkpoint '/home/paul/work/fpga/Xilinx/artix7/projects/hello_aars/hello_aars.runs/impl_1/hello_aars_top_opt.dcp' has been generated.
INFO: [runtcl-4] Executing : report_drc -file hello_aars_top_drc_opted.rpt -pb hello_aars_top_drc_opted.pb -rpx hello_aars_top_drc_opted.rpx
Command: report_drc -file hello_aars_top_drc_opted.rpt -pb hello_aars_top_drc_opted.pb -rpx hello_aars_top_drc_opted.rpx
INFO: [IP_Flow 19-1839] IP Catalog is up to date.
INFO: [DRC 23-27] Running DRC with 4 threads
INFO: [Coretcl 2-168] The results of DRC are in file /home/paul/work/fpga/Xilinx/artix7/projects/hello_aars/hello_aars.runs/impl_1/hello_aars_top_drc_opted.rpt.
report_drc completed successfully
Command: read_checkpoint -auto_incremental -incremental /home/paul/work/fpga/Xilinx/artix7/projects/hello_aars/hello_aars.srcs/utils_1/imports/impl_1/hello_aars_top_routed.dcp

Starting Incremental read checkpoint Task

Phase 1 Process Reference Checkpoint Netlist
INFO: [Netlist 29-17] Analyzing 8 Unisim elements for replacement
INFO: [Netlist 29-28] Unisim Transformation completed in 0 CPU seconds

Time (s): cpu = 00:00:00.02 ; elapsed = 00:00:00.03 . Memory (MB): peak = 2303.957 ; gain = 0.000 ; free physical = 2156 ; free virtual = 30469

Phase 2 Initialization
Netlist sorting complete. Time (s): cpu = 00:00:00 ; elapsed = 00:00:00 . Memory (MB): peak = 2303.957 ; gain = 0.000 ; free physical = 2156 ; free virtual = 30469
Netlist sorting complete. Time (s): cpu = 00:00:00 ; elapsed = 00:00:00 . Memory (MB): peak = 2303.957 ; gain = 0.000 ; free physical = 2156 ; free virtual = 30469

Time (s): cpu = 00:00:00.02 ; elapsed = 00:00:00.03 . Memory (MB): peak = 2303.957 ; gain = 0.000 ; free physical = 2156 ; free virtual = 30469

Phase 3 Replay Physical Synthesis Transforms
INFO: [Vivado_Tcl 4-521] iPhys_opt_design summary: tried 0 changes and 0 changes are successfully applied

Time (s): cpu = 00:00:00.02 ; elapsed = 00:00:00.03 . Memory (MB): peak = 2303.957 ; gain = 0.000 ; free physical = 2156 ; free virtual = 30469

Phase 4 Build Reuse DB
Reading placer database...
Read XDEF File: Time (s): cpu = 00:00:00.02 ; elapsed = 00:00:00.02 . Memory (MB): peak = 2303.957 ; gain = 0.000 ; free physical = 2156 ; free virtual = 30469
Finished XDEF File Restore: Time (s): cpu = 00:00:00.03 ; elapsed = 00:00:00.03 . Memory (MB): peak = 2303.957 ; gain = 0.000 ; free physical = 2156 ; free virtual = 30469
INFO: [Designutils 20-2297] Reference Design: /home/paul/work/fpga/Xilinx/artix7/projects/hello_aars/hello_aars.srcs/utils_1/imports/impl_1/hello_aars_top_routed.dcp, Summary | WNS = 30.743 | WHS = 0.236 | State = POST_ROUTE |

Time (s): cpu = 00:00:00.10 ; elapsed = 00:00:00.09 . Memory (MB): peak = 2303.957 ; gain = 0.000 ; free physical = 2156 ; free virtual = 30469

Phase 5 Checking legality
Phase 5 Checking legality | Checksum: 946d6496

Time (s): cpu = 00:00:00.10 ; elapsed = 00:00:00.10 . Memory (MB): peak = 2303.957 ; gain = 0.000 ; free physical = 2156 ; free virtual = 30469

Phase 6 Reporting

Incremental Implementation Information

Table of Contents
-----------------
1. Reuse Summary
2. Reference Checkpoint Information
3. Comparison with Reference Run
4. Non Reuse Information

1. Reuse Summary
----------------

+-------+----------------------+--------------------+--------------------+-------+
|  Type | Matched % (of Total) | Reuse % (of Total) | Fixed % (of Total) | Total |
+-------+----------------------+--------------------+--------------------+-------+
| Cells |               100.00 |             100.00 |              17.02 |    47 |
| Nets  |               100.00 |             100.00 |               0.00 |    40 |
| Pins  |                    - |             100.00 |                  - |   106 |
| Ports |               100.00 |             100.00 |             100.00 |     8 |
+-------+----------------------+--------------------+--------------------+-------+


2. Reference Checkpoint Information
-----------------------------------

+----------------+-------------------------------------------------------------------------------------------------------------------------+
| DCP Location:  | /home/paul/work/fpga/Xilinx/artix7/projects/hello_aars/hello_aars.srcs/utils_1/imports/impl_1/hello_aars_top_routed.dcp |
+----------------+-------------------------------------------------------------------------------------------------------------------------+


+--------------------------------+----------------------------+
|         DCP Information        |            Value           |
+--------------------------------+----------------------------+
| Vivado Version                 |                   2019.1.3 |
| DCP State                      |                 POST_ROUTE |
| Recorded WNS                   |                     30.743 |
| Recorded WHS                   |                      0.236 |
| Reference Speed File Version   | PRODUCTION 1.23 2018-06-13 |
| Incremental Speed File Version | PRODUCTION 1.23 2018-06-13 |
+--------------------------------+----------------------------+
* Recorded WNS/WHS timing numbers are estimated timing numbers. They may vary slightly from sign-off timing numbers.


3. Comparison with Reference Run
--------------------------------

+-----------------+---------------------------+---------------------------+---------------------------+
|                 |          WNS(ns)          |  Runtime(elapsed)(hh:mm)  |    Runtime(cpu)(hh:mm)    |
+-----------------+-------------+-------------+-------------+-------------+-------------+-------------+
|      Stage      |  Reference  | Incremental |  Reference  | Incremental |  Reference  | Incremental |
+-----------------+-------------+-------------+-------------+-------------+-------------+-------------+
| synth_design    |             |             |     < 1 min |     < 1 min |     < 1 min |     < 1 min |
| opt_design      |             |             |     < 1 min |     < 1 min |     < 1 min |     < 1 min |
| read_checkpoint |             |             |             |             |             |             |
+-----------------+-------------+-------------+-------------+-------------+-------------+-------------+


4. Non Reuse Information
------------------------

+-----------------------+------+
|          Type         |   %  |
+-----------------------+------+
| Non-Reused Cells      | 0.00 |
| Partially reused nets | 0.00 |
| Non-Reused nets       | 0.00 |
| Non-Reused Ports      | 0.00 |
+-----------------------+------+



Time (s): cpu = 00:00:00.11 ; elapsed = 00:00:00.11 . Memory (MB): peak = 2303.957 ; gain = 0.000 ; free physical = 2167 ; free virtual = 30480

Time (s): cpu = 00:00:00.11 ; elapsed = 00:00:00.11 . Memory (MB): peak = 2303.957 ; gain = 0.000 ; free physical = 2167 ; free virtual = 30480
INFO: [Vivado_Tcl 4-115] Reporting incremental reuse summary using design-checkpoint file '/home/paul/work/fpga/Xilinx/artix7/projects/hello_aars/hello_aars.srcs/utils_1/imports/impl_1/hello_aars_top_routed.dcp'

Starting Report Incremental Reuse Task

Time (s): cpu = 00:00:00.11 ; elapsed = 00:00:00.15 . Memory (MB): peak = 2303.957 ; gain = 0.000 ; free physical = 2167 ; free virtual = 30480
report_incremental_reuse: Time (s): cpu = 00:00:00.11 ; elapsed = 00:00:00.15 . Memory (MB): peak = 2303.957 ; gain = 0.000 ; free physical = 2167 ; free virtual = 30480
Command: place_design
Attempting to get a license for feature 'Implementation' and/or device 'xc7a35t'
INFO: [Common 17-349] Got license for feature 'Implementation' and/or device 'xc7a35t'

Starting Incremental Placer Task
INFO: [Vivado_Tcl 4-24] Running Incremental Placer flow for unplaced cells using reference design-checkpoint '/home/paul/work/fpga/Xilinx/artix7/projects/hello_aars/hello_aars.srcs/utils_1/imports/impl_1/hello_aars_top_routed.dcp'.
INFO: [Place 46-42] Incremental Compile is being run in High Reuse Mode.
INFO: [Place 46-44] place_design is using directive Default with target WNS of 0 ns.
INFO: [Place 30-281] No place-able instance is found; design doesn't contain any instance or all instances are placed

Reference - Incremental Comparison Summary

1. Comparison with Reference Run
--------------------------------

+-----------------+---------------------------+---------------------------+---------------------------+
|                 |          WNS(ns)          |  Runtime(elapsed)(hh:mm)  |    Runtime(cpu)(hh:mm)    |
+-----------------+-------------+-------------+-------------+-------------+-------------+-------------+
|      Stage      |  Reference  | Incremental |  Reference  | Incremental |  Reference  | Incremental |
+-----------------+-------------+-------------+-------------+-------------+-------------+-------------+
| synth_design    |             |             |     < 1 min |     < 1 min |     < 1 min |     < 1 min |
| opt_design      |             |             |     < 1 min |     < 1 min |     < 1 min |     < 1 min |
| read_checkpoint |             |             |             |     < 1 min |             |     < 1 min |
| place_design    |         N/A |      30.743 |     < 1 min |     < 1 min |     < 1 min |     < 1 min |
+-----------------+-------------+-------------+-------------+-------------+-------------+-------------+


Ending Incremental Placer Task | Checksum: 946d6496

Time (s): cpu = 00:00:00 ; elapsed = 00:00:00.01 . Memory (MB): peak = 2303.957 ; gain = 0.000 ; free physical = 2167 ; free virtual = 30480
INFO: [Common 17-83] Releasing license: Implementation
45 Infos, 0 Warnings, 0 Critical Warnings and 0 Errors encountered.
place_design completed successfully
Netlist sorting complete. Time (s): cpu = 00:00:00 ; elapsed = 00:00:00 . Memory (MB): peak = 2303.957 ; gain = 0.000 ; free physical = 2167 ; free virtual = 30480
INFO: [Timing 38-480] Writing timing data to binary archive.
Writing placer database...
Writing XDEF routing.
Writing XDEF routing logical nets.
Writing XDEF routing special nets.
Write XDEF Complete: Time (s): cpu = 00:00:00.05 ; elapsed = 00:00:00.02 . Memory (MB): peak = 2303.957 ; gain = 0.000 ; free physical = 2168 ; free virtual = 30482
INFO: [Common 17-1381] The checkpoint '/home/paul/work/fpga/Xilinx/artix7/projects/hello_aars/hello_aars.runs/impl_1/hello_aars_top_placed.dcp' has been generated.
INFO: [runtcl-4] Executing : report_io -file hello_aars_top_io_placed.rpt
report_io: Time (s): cpu = 00:00:00.17 ; elapsed = 00:00:00.23 . Memory (MB): peak = 2303.957 ; gain = 0.000 ; free physical = 2177 ; free virtual = 30489
INFO: [runtcl-4] Executing : report_utilization -file hello_aars_top_utilization_placed.rpt -pb hello_aars_top_utilization_placed.pb
INFO: [runtcl-4] Executing : report_control_sets -verbose -file hello_aars_top_control_sets_placed.rpt
report_control_sets: Time (s): cpu = 00:00:00.14 ; elapsed = 00:00:00.20 . Memory (MB): peak = 2303.957 ; gain = 0.000 ; free physical = 2175 ; free virtual = 30494
Command: route_design
Attempting to get a license for feature 'Implementation' and/or device 'xc7a35t'
INFO: [Common 17-349] Got license for feature 'Implementation' and/or device 'xc7a35t'
Running DRC as a precondition to command route_design
INFO: [DRC 23-27] Running DRC with 4 threads
INFO: [Vivado_Tcl 4-198] DRC finished with 0 Errors
INFO: [Vivado_Tcl 4-199] Please refer to the DRC report (report_drc) for more information.

Reference - Incremental Comparison Summary

1. Comparison with Reference Run
--------------------------------

+-----------------+---------------------------+---------------------------+---------------------------+
|                 |          WNS(ns)          |  Runtime(elapsed)(hh:mm)  |    Runtime(cpu)(hh:mm)    |
+-----------------+-------------+-------------+-------------+-------------+-------------+-------------+
|      Stage      |  Reference  | Incremental |  Reference  | Incremental |  Reference  | Incremental |
+-----------------+-------------+-------------+-------------+-------------+-------------+-------------+
| synth_design    |             |             |     < 1 min |     < 1 min |     < 1 min |     < 1 min |
| opt_design      |             |             |     < 1 min |     < 1 min |     < 1 min |     < 1 min |
| read_checkpoint |             |             |             |     < 1 min |             |     < 1 min |
| place_design    |         N/A |      30.743 |     < 1 min |     < 1 min |     < 1 min |     < 1 min |
| route_design    |      30.743 |      30.743 |     < 1 min |     < 1 min |     < 1 min |     < 1 min |
+-----------------+-------------+-------------+-------------+-------------+-------------+-------------+


INFO: [Common 17-83] Releasing license: Implementation
55 Infos, 0 Warnings, 0 Critical Warnings and 0 Errors encountered.
route_design completed successfully
Netlist sorting complete. Time (s): cpu = 00:00:00 ; elapsed = 00:00:00 . Memory (MB): peak = 2303.957 ; gain = 0.000 ; free physical = 2187 ; free virtual = 30492
INFO: [Timing 38-480] Writing timing data to binary archive.
Writing placer database...
Writing XDEF routing.
Writing XDEF routing logical nets.
Writing XDEF routing special nets.
Write XDEF Complete: Time (s): cpu = 00:00:00.05 ; elapsed = 00:00:00.02 . Memory (MB): peak = 2303.957 ; gain = 0.000 ; free physical = 2187 ; free virtual = 30493
INFO: [Common 17-1381] The checkpoint '/home/paul/work/fpga/Xilinx/artix7/projects/hello_aars/hello_aars.runs/impl_1/hello_aars_top_routed.dcp' has been generated.
INFO: [runtcl-4] Executing : report_drc -file hello_aars_top_drc_routed.rpt -pb hello_aars_top_drc_routed.pb -rpx hello_aars_top_drc_routed.rpx
Command: report_drc -file hello_aars_top_drc_routed.rpt -pb hello_aars_top_drc_routed.pb -rpx hello_aars_top_drc_routed.rpx
INFO: [IP_Flow 19-1839] IP Catalog is up to date.
INFO: [DRC 23-27] Running DRC with 4 threads
INFO: [Coretcl 2-168] The results of DRC are in file /home/paul/work/fpga/Xilinx/artix7/projects/hello_aars/hello_aars.runs/impl_1/hello_aars_top_drc_routed.rpt.
report_drc completed successfully
INFO: [runtcl-4] Executing : report_methodology -file hello_aars_top_methodology_drc_routed.rpt -pb hello_aars_top_methodology_drc_routed.pb -rpx hello_aars_top_methodology_drc_routed.rpx
Command: report_methodology -file hello_aars_top_methodology_drc_routed.rpt -pb hello_aars_top_methodology_drc_routed.pb -rpx hello_aars_top_methodology_drc_routed.rpx
INFO: [Timing 38-35] Done setting XDC timing constraints.
INFO: [DRC 23-133] Running Methodology with 4 threads
INFO: [Coretcl 2-1520] The results of Report Methodology are in file /home/paul/work/fpga/Xilinx/artix7/projects/hello_aars/hello_aars.runs/impl_1/hello_aars_top_methodology_drc_routed.rpt.
report_methodology completed successfully
INFO: [runtcl-4] Executing : report_power -file hello_aars_top_power_routed.rpt -pb hello_aars_top_power_summary_routed.pb -rpx hello_aars_top_power_routed.rpx
Command: report_power -file hello_aars_top_power_routed.rpt -pb hello_aars_top_power_summary_routed.pb -rpx hello_aars_top_power_routed.rpx
INFO: [Timing 38-35] Done setting XDC timing constraints.
Running Vector-less Activity Propagation...

Finished Running Vector-less Activity Propagation
67 Infos, 0 Warnings, 0 Critical Warnings and 0 Errors encountered.
report_power completed successfully
INFO: [runtcl-4] Executing : report_route_status -file hello_aars_top_route_status.rpt -pb hello_aars_top_route_status.pb
INFO: [runtcl-4] Executing : report_timing_summary -max_paths 10 -file hello_aars_top_timing_summary_routed.rpt -pb hello_aars_top_timing_summary_routed.pb -rpx hello_aars_top_timing_summary_routed.rpx -warn_on_violation 
INFO: [Timing 38-91] UpdateTimingParams: Speed grade: -1, Delay Type: min_max.
INFO: [Timing 38-191] Multithreading enabled for timing update using a maximum of 4 CPUs
INFO: [runtcl-4] Executing : report_incremental_reuse -file hello_aars_top_incremental_reuse_routed.rpt
INFO: [Vivado_Tcl 4-115] Reporting incremental reuse summary using design-checkpoint file '/home/paul/work/fpga/Xilinx/artix7/projects/hello_aars/hello_aars.srcs/utils_1/imports/impl_1/hello_aars_top_routed.dcp'

Starting Report Incremental Reuse Task

Time (s): cpu = 00:00:00.10 ; elapsed = 00:00:00.14 . Memory (MB): peak = 2340.422 ; gain = 0.000 ; free physical = 2147 ; free virtual = 30461
report_incremental_reuse: Time (s): cpu = 00:00:00.10 ; elapsed = 00:00:00.14 . Memory (MB): peak = 2340.422 ; gain = 0.000 ; free physical = 2147 ; free virtual = 30461
INFO: [runtcl-4] Executing : report_clock_utilization -file hello_aars_top_clock_utilization_routed.rpt
INFO: [runtcl-4] Executing : report_bus_skew -warn_on_violation -file hello_aars_top_bus_skew_routed.rpt -pb hello_aars_top_bus_skew_routed.pb -rpx hello_aars_top_bus_skew_routed.rpx
INFO: [Timing 38-91] UpdateTimingParams: Speed grade: -1, Delay Type: min_max.
INFO: [Timing 38-191] Multithreading enabled for timing update using a maximum of 4 CPUs
Command: write_bitstream -force hello_aars_top.bit
Attempting to get a license for feature 'Implementation' and/or device 'xc7a35t'
INFO: [Common 17-349] Got license for feature 'Implementation' and/or device 'xc7a35t'
Running DRC as a precondition to command write_bitstream
INFO: [IP_Flow 19-1839] IP Catalog is up to date.
INFO: [DRC 23-27] Running DRC with 4 threads
WARNING: [DRC CFGBVS-1] Missing CFGBVS and CONFIG_VOLTAGE Design Properties: Neither the CFGBVS nor CONFIG_VOLTAGE voltage property is set in the current_design.  Configuration bank voltage select (CFGBVS) must be set to VCCO or GND, and CONFIG_VOLTAGE must be set to the correct configuration voltage, in order to determine the I/O voltage support for the pins in bank 0.  It is suggested to specify these either using the 'Edit Device Properties' function in the GUI or directly in the XDC file using the following syntax:

 set_property CFGBVS value1 [current_design]
 #where value1 is either VCCO or GND

 set_property CONFIG_VOLTAGE value2 [current_design]
 #where value2 is the voltage provided to configuration bank 0

Refer to the device configuration user guide for more information.
INFO: [Vivado 12-3199] DRC finished with 0 Errors, 1 Warnings
INFO: [Vivado 12-3200] Please refer to the DRC report (report_drc) for more information.
INFO: [Designutils 20-2272] Running write_bitstream with 4 threads.
Loading data files...
Loading site data...
Loading route data...
Processing options...
Creating bitmap...
Creating bitstream...
Writing bitstream ./hello_aars_top.bit...
INFO: [Vivado 12-1842] Bitgen Completed Successfully.
INFO: [Project 1-120] WebTalk data collection is mandatory when using a WebPACK part without a full Vivado license. To see the specific WebTalk data collected for your design, open the usage_statistics_webtalk.html or usage_statistics_webtalk.xml file in the implementation directory.
INFO: [Common 17-186] '/home/paul/work/fpga/Xilinx/artix7/projects/hello_aars/hello_aars.runs/impl_1/usage_statistics_webtalk.xml' has been successfully sent to Xilinx on Tue Dec 10 20:49:17 2019. For additional details about this file, please refer to the WebTalk help file at /opt/Xilinx/Vivado/2019.1/doc/webtalk_introduction.html.
INFO: [Common 17-83] Releasing license: Implementation
87 Infos, 1 Warnings, 0 Critical Warnings and 0 Errors encountered.
write_bitstream completed successfully
write_bitstream: Time (s): cpu = 00:00:13 ; elapsed = 00:00:18 . Memory (MB): peak = 2641.438 ; gain = 301.012 ; free physical = 2126 ; free virtual = 30433
INFO: [Common 17-206] Exiting Vivado at Tue Dec 10 20:49:17 2019...

*** Running vivado
    with args -log hello_aars_top.vdi -applog -m64 -product Vivado -messageDb vivado.pb -mode batch -source hello_aars_top.tcl -notrace


****** Vivado v2019.1.3 (64-bit)
  **** SW Build 2644227 on Wed Sep  4 09:44:18 MDT 2019
  **** IP Build 2633630 on Wed Sep  4 12:30:14 MDT 2019
    ** Copyright 1986-2019 Xilinx, Inc. All Rights Reserved.

source hello_aars_top.tcl -notrace
Command: open_checkpoint hello_aars_top_routed.dcp

Starting open_checkpoint Task

Time (s): cpu = 00:00:00.06 ; elapsed = 00:00:00.10 . Memory (MB): peak = 1393.520 ; gain = 0.000 ; free physical = 5310 ; free virtual = 33658
INFO: [Device 21-403] Loading part xc7a35tftg256-1
INFO: [Netlist 29-17] Analyzing 8 Unisim elements for replacement
INFO: [Netlist 29-28] Unisim Transformation completed in 0 CPU seconds
INFO: [Project 1-479] Netlist was created with Vivado 2019.1.3
INFO: [Project 1-570] Preparing netlist for logic optimization
INFO: [Timing 38-478] Restoring timing data from binary archive.
INFO: [Timing 38-479] Binary timing data restore complete.
INFO: [Project 1-856] Restoring constraints from binary archive.
INFO: [Project 1-853] Binary constraint restore complete.
Reading placer database...
Read XDEF File: Time (s): cpu = 00:00:00.13 ; elapsed = 00:00:00.18 . Memory (MB): peak = 2002.457 ; gain = 0.000 ; free physical = 4562 ; free virtual = 32968
Finished XDEF File Restore: Time (s): cpu = 00:00:00.13 ; elapsed = 00:00:00.18 . Memory (MB): peak = 2002.457 ; gain = 0.000 ; free physical = 4562 ; free virtual = 32968
INFO: [Project 1-837] Checkpoint contains data reused from an Incremental Compile. Run report_incremental_reuse for further information about reused data.
Netlist sorting complete. Time (s): cpu = 00:00:00 ; elapsed = 00:00:00 . Memory (MB): peak = 2002.457 ; gain = 0.000 ; free physical = 4562 ; free virtual = 32969
INFO: [Project 1-111] Unisim Transformation Summary:
No Unisim elements were transformed.

INFO: [Project 1-604] Checkpoint was created with Vivado v2019.1.3 (64-bit) build 2644227
open_checkpoint: Time (s): cpu = 00:00:12 ; elapsed = 00:00:14 . Memory (MB): peak = 2002.457 ; gain = 608.938 ; free physical = 4562 ; free virtual = 32968
Command: write_bitstream -force hello_aars_top.bit
Attempting to get a license for feature 'Implementation' and/or device 'xc7a35t'
INFO: [Common 17-349] Got license for feature 'Implementation' and/or device 'xc7a35t'
Running DRC as a precondition to command write_bitstream
INFO: [IP_Flow 19-234] Refreshing IP repositories
INFO: [IP_Flow 19-1704] No user IP repositories specified
INFO: [IP_Flow 19-2313] Loaded Vivado IP repository '/opt/Xilinx/Vivado/2019.1/data/ip'.
INFO: [DRC 23-27] Running DRC with 4 threads
WARNING: [DRC CFGBVS-1] Missing CFGBVS and CONFIG_VOLTAGE Design Properties: Neither the CFGBVS nor CONFIG_VOLTAGE voltage property is set in the current_design.  Configuration bank voltage select (CFGBVS) must be set to VCCO or GND, and CONFIG_VOLTAGE must be set to the correct configuration voltage, in order to determine the I/O voltage support for the pins in bank 0.  It is suggested to specify these either using the 'Edit Device Properties' function in the GUI or directly in the XDC file using the following syntax:

 set_property CFGBVS value1 [current_design]
 #where value1 is either VCCO or GND

 set_property CONFIG_VOLTAGE value2 [current_design]
 #where value2 is the voltage provided to configuration bank 0

Refer to the device configuration user guide for more information.
INFO: [Vivado 12-3199] DRC finished with 0 Errors, 1 Warnings
INFO: [Vivado 12-3200] Please refer to the DRC report (report_drc) for more information.
INFO: [Designutils 20-2272] Running write_bitstream with 4 threads.
Loading data files...
Loading site data...
Loading route data...
Processing options...
Creating bitmap...
Creating bitstream...
Writing bitstream ./hello_aars_top.bit...
INFO: [Vivado 12-1842] Bitgen Completed Successfully.
INFO: [Project 1-120] WebTalk data collection is mandatory when using a WebPACK part without a full Vivado license. To see the specific WebTalk data collected for your design, open the usage_statistics_webtalk.html or usage_statistics_webtalk.xml file in the implementation directory.
INFO: [Common 17-186] '/home/paul/work/fpga/Xilinx/artix7/projects/hello_aars/hello_aars.runs/impl_1/usage_statistics_webtalk.xml' has been successfully sent to Xilinx on Fri Dec 13 22:52:04 2019. For additional details about this file, please refer to the WebTalk help file at /opt/Xilinx/Vivado/2019.1/doc/webtalk_introduction.html.
INFO: [Common 17-83] Releasing license: Implementation
24 Infos, 1 Warnings, 0 Critical Warnings and 0 Errors encountered.
write_bitstream completed successfully
write_bitstream: Time (s): cpu = 00:00:12 ; elapsed = 00:00:17 . Memory (MB): peak = 2401.520 ; gain = 399.062 ; free physical = 4497 ; free virtual = 32915
INFO: [Common 17-206] Exiting Vivado at Fri Dec 13 22:52:04 2019...

*** Running vivado
    with args -log hello_aars_top.vdi -applog -m64 -product Vivado -messageDb vivado.pb -mode batch -source hello_aars_top.tcl -notrace


****** Vivado v2019.1.3 (64-bit)
  **** SW Build 2644227 on Wed Sep  4 09:44:18 MDT 2019
  **** IP Build 2633630 on Wed Sep  4 12:30:14 MDT 2019
    ** Copyright 1986-2019 Xilinx, Inc. All Rights Reserved.

source hello_aars_top.tcl -notrace
Command: open_checkpoint hello_aars_top_routed.dcp

Starting open_checkpoint Task

Time (s): cpu = 00:00:00.07 ; elapsed = 00:00:00.10 . Memory (MB): peak = 1393.516 ; gain = 0.000 ; free physical = 5146 ; free virtual = 33570
INFO: [Device 21-403] Loading part xc7a35tftg256-1
INFO: [Netlist 29-17] Analyzing 8 Unisim elements for replacement
INFO: [Netlist 29-28] Unisim Transformation completed in 0 CPU seconds
INFO: [Project 1-479] Netlist was created with Vivado 2019.1.3
INFO: [Project 1-570] Preparing netlist for logic optimization
INFO: [Timing 38-478] Restoring timing data from binary archive.
INFO: [Timing 38-479] Binary timing data restore complete.
INFO: [Project 1-856] Restoring constraints from binary archive.
INFO: [Project 1-853] Binary constraint restore complete.
Reading placer database...
Read XDEF File: Time (s): cpu = 00:00:00.12 ; elapsed = 00:00:00.16 . Memory (MB): peak = 2002.453 ; gain = 0.000 ; free physical = 4463 ; free virtual = 32890
Finished XDEF File Restore: Time (s): cpu = 00:00:00.12 ; elapsed = 00:00:00.16 . Memory (MB): peak = 2002.453 ; gain = 0.000 ; free physical = 4463 ; free virtual = 32890
INFO: [Project 1-837] Checkpoint contains data reused from an Incremental Compile. Run report_incremental_reuse for further information about reused data.
Netlist sorting complete. Time (s): cpu = 00:00:00 ; elapsed = 00:00:00 . Memory (MB): peak = 2002.453 ; gain = 0.000 ; free physical = 4464 ; free virtual = 32891
INFO: [Project 1-111] Unisim Transformation Summary:
No Unisim elements were transformed.

INFO: [Project 1-604] Checkpoint was created with Vivado v2019.1.3 (64-bit) build 2644227
open_checkpoint: Time (s): cpu = 00:00:13 ; elapsed = 00:00:14 . Memory (MB): peak = 2002.453 ; gain = 608.938 ; free physical = 4463 ; free virtual = 32890
Command: write_bitstream -force hello_aars_top.bit -bin_file
Attempting to get a license for feature 'Implementation' and/or device 'xc7a35t'
INFO: [Common 17-349] Got license for feature 'Implementation' and/or device 'xc7a35t'
Running DRC as a precondition to command write_bitstream
INFO: [IP_Flow 19-234] Refreshing IP repositories
INFO: [IP_Flow 19-1704] No user IP repositories specified
INFO: [IP_Flow 19-2313] Loaded Vivado IP repository '/opt/Xilinx/Vivado/2019.1/data/ip'.
INFO: [DRC 23-27] Running DRC with 4 threads
WARNING: [DRC CFGBVS-1] Missing CFGBVS and CONFIG_VOLTAGE Design Properties: Neither the CFGBVS nor CONFIG_VOLTAGE voltage property is set in the current_design.  Configuration bank voltage select (CFGBVS) must be set to VCCO or GND, and CONFIG_VOLTAGE must be set to the correct configuration voltage, in order to determine the I/O voltage support for the pins in bank 0.  It is suggested to specify these either using the 'Edit Device Properties' function in the GUI or directly in the XDC file using the following syntax:

 set_property CFGBVS value1 [current_design]
 #where value1 is either VCCO or GND

 set_property CONFIG_VOLTAGE value2 [current_design]
 #where value2 is the voltage provided to configuration bank 0

Refer to the device configuration user guide for more information.
INFO: [Vivado 12-3199] DRC finished with 0 Errors, 1 Warnings
INFO: [Vivado 12-3200] Please refer to the DRC report (report_drc) for more information.
INFO: [Designutils 20-2272] Running write_bitstream with 4 threads.
Loading data files...
Loading site data...
Loading route data...
Processing options...
Creating bitmap...
Creating bitstream...
Writing bitstream ./hello_aars_top.bit...
Writing bitstream ./hello_aars_top.bin...
INFO: [Vivado 12-1842] Bitgen Completed Successfully.
INFO: [Project 1-120] WebTalk data collection is mandatory when using a WebPACK part without a full Vivado license. To see the specific WebTalk data collected for your design, open the usage_statistics_webtalk.html or usage_statistics_webtalk.xml file in the implementation directory.
INFO: [Common 17-186] '/home/paul/work/fpga/Xilinx/artix7/projects/hello_aars/hello_aars.runs/impl_1/usage_statistics_webtalk.xml' has been successfully sent to Xilinx on Fri Dec 13 22:53:59 2019. For additional details about this file, please refer to the WebTalk help file at /opt/Xilinx/Vivado/2019.1/doc/webtalk_introduction.html.
INFO: [Common 17-83] Releasing license: Implementation
24 Infos, 1 Warnings, 0 Critical Warnings and 0 Errors encountered.
write_bitstream completed successfully
write_bitstream: Time (s): cpu = 00:00:13 ; elapsed = 00:00:17 . Memory (MB): peak = 2401.516 ; gain = 399.062 ; free physical = 4421 ; free virtual = 32844
INFO: [Common 17-206] Exiting Vivado at Fri Dec 13 22:53:59 2019...
